[ 2026-01-21 21:43:30,899 ] 1025 httpx - INFO - HTTP Request: GET https://dagshub.com/api/v1/user "HTTP/1.1 200 OK"
[ 2026-01-21 21:43:30,906 ] 107 dagshub - INFO - Accessing as sagorsaha31073
[ 2026-01-21 21:43:31,501 ] 1025 httpx - INFO - HTTP Request: GET https://dagshub.com/api/v1/repos/sagorsaha31073/networksecurity "HTTP/1.1 200 OK"
[ 2026-01-21 21:43:32,040 ] 1025 httpx - INFO - HTTP Request: GET https://dagshub.com/api/v1/user "HTTP/1.1 200 OK"
[ 2026-01-21 21:43:32,044 ] 107 dagshub - INFO - Initialized MLflow to track repo "sagorsaha31073/networksecurity"
[ 2026-01-21 21:43:32,045 ] 107 dagshub - INFO - Repository sagorsaha31073/networksecurity initialized!
[ 2026-01-21 21:43:32,045 ] 20 root - INFO - Initiate the data ingestion
[ 2026-01-21 21:43:33,312 ] 65 root - INFO - Performed train test split on the dataframe
[ 2026-01-21 21:43:33,312 ] 67 root - INFO - Exited split_data_as_train_test method of Data_Ingestion class
[ 2026-01-21 21:43:33,312 ] 75 root - INFO - Exporting train and test file path.
[ 2026-01-21 21:43:33,343 ] 84 root - INFO - Exported train and test file path.
[ 2026-01-21 21:43:33,343 ] 22 root - INFO - Data Initiation Completed
[ 2026-01-21 21:43:33,347 ] 26 root - INFO - Initiate the data Validation
[ 2026-01-21 21:43:33,357 ] 32 root - INFO - Required number of columns:2
[ 2026-01-21 21:43:33,357 ] 33 root - INFO - Data frame has columns:31
[ 2026-01-21 21:43:33,357 ] 32 root - INFO - Required number of columns:2
[ 2026-01-21 21:43:33,357 ] 33 root - INFO - Data frame has columns:31
[ 2026-01-21 21:43:33,444 ] 28 root - INFO - data Validation Completed
[ 2026-01-21 21:43:33,444 ] 31 root - INFO - data Transformation started
[ 2026-01-21 21:43:33,444 ] 63 root - INFO - Entered initiate_data_transformation method of DataTransformation class
[ 2026-01-21 21:43:33,444 ] 65 root - INFO - Starting data transformation
[ 2026-01-21 21:43:33,453 ] 48 root - INFO - Entered get_data_trnasformer_object method of Trnasformation class
[ 2026-01-21 21:43:33,453 ] 53 root - INFO - Initialise KNNImputer with {'missing_values': nan, 'n_neighbors': 3, 'weights': 'uniform'}
[ 2026-01-21 21:43:33,458 ] 46 root - INFO - Entered the save_object method of MainUtils class
[ 2026-01-21 21:43:33,459 ] 50 root - INFO - Exited the save_object method of MainUtils class
[ 2026-01-21 21:43:33,459 ] 46 root - INFO - Entered the save_object method of MainUtils class
[ 2026-01-21 21:43:33,463 ] 50 root - INFO - Exited the save_object method of MainUtils class
[ 2026-01-21 21:43:33,463 ] 35 root - INFO - data Transformation completed
[ 2026-01-21 21:43:33,463 ] 37 root - INFO - Model Training sstared
