[ 2026-01-21 21:37:39,433 ] 1025 httpx - INFO - HTTP Request: POST https://dagshub.com/login/oauth/middleman "HTTP/1.1 200 OK"
[ 2026-01-21 21:37:39,978 ] 1025 httpx - INFO - HTTP Request: POST https://dagshub.com/login/oauth/access_token "HTTP/1.1 200 OK"
[ 2026-01-21 21:37:40,572 ] 1025 httpx - INFO - HTTP Request: GET https://dagshub.com/api/v1/user "HTTP/1.1 200 OK"
[ 2026-01-21 21:37:40,577 ] 107 dagshub - INFO - Accessing as sagorsaha31073
[ 2026-01-21 21:37:41,184 ] 1025 httpx - INFO - HTTP Request: GET https://dagshub.com/api/v1/repos/sagorsaha31073/networksecurity "HTTP/1.1 200 OK"
[ 2026-01-21 21:37:41,798 ] 1025 httpx - INFO - HTTP Request: GET https://dagshub.com/api/v1/user "HTTP/1.1 200 OK"
[ 2026-01-21 21:37:41,801 ] 107 dagshub - INFO - Initialized MLflow to track repo "sagorsaha31073/networksecurity"
[ 2026-01-21 21:37:41,802 ] 107 dagshub - INFO - Repository sagorsaha31073/networksecurity initialized!
[ 2026-01-21 21:37:41,802 ] 20 root - INFO - Initiate the data ingestion
[ 2026-01-21 21:37:43,050 ] 65 root - INFO - Performed train test split on the dataframe
[ 2026-01-21 21:37:43,050 ] 67 root - INFO - Exited split_data_as_train_test method of Data_Ingestion class
[ 2026-01-21 21:37:43,050 ] 75 root - INFO - Exporting train and test file path.
[ 2026-01-21 21:37:43,080 ] 84 root - INFO - Exported train and test file path.
[ 2026-01-21 21:37:43,080 ] 22 root - INFO - Data Initiation Completed
[ 2026-01-21 21:37:43,085 ] 26 root - INFO - Initiate the data Validation
[ 2026-01-21 21:37:43,094 ] 32 root - INFO - Required number of columns:2
[ 2026-01-21 21:37:43,094 ] 33 root - INFO - Data frame has columns:31
[ 2026-01-21 21:37:43,094 ] 32 root - INFO - Required number of columns:2
[ 2026-01-21 21:37:43,094 ] 33 root - INFO - Data frame has columns:31
[ 2026-01-21 21:37:43,183 ] 28 root - INFO - data Validation Completed
[ 2026-01-21 21:37:43,183 ] 31 root - INFO - data Transformation started
[ 2026-01-21 21:37:43,183 ] 63 root - INFO - Entered initiate_data_transformation method of DataTransformation class
[ 2026-01-21 21:37:43,183 ] 65 root - INFO - Starting data transformation
[ 2026-01-21 21:37:43,194 ] 48 root - INFO - Entered get_data_trnasformer_object method of Trnasformation class
[ 2026-01-21 21:37:43,194 ] 53 root - INFO - Initialise KNNImputer with {'missing_values': nan, 'n_neighbors': 3, 'weights': 'uniform'}
[ 2026-01-21 21:37:43,198 ] 46 root - INFO - Entered the save_object method of MainUtils class
[ 2026-01-21 21:37:43,203 ] 50 root - INFO - Exited the save_object method of MainUtils class
[ 2026-01-21 21:37:43,203 ] 46 root - INFO - Entered the save_object method of MainUtils class
[ 2026-01-21 21:37:43,208 ] 50 root - INFO - Exited the save_object method of MainUtils class
[ 2026-01-21 21:37:43,208 ] 35 root - INFO - data Transformation completed
[ 2026-01-21 21:37:43,208 ] 37 root - INFO - Model Training sstared
