[ 2026-01-21 21:47:55,492 ] 1025 httpx - INFO - HTTP Request: GET https://dagshub.com/api/v1/user "HTTP/1.1 200 OK"
[ 2026-01-21 21:47:55,500 ] 107 dagshub - INFO - Accessing as sagorsaha31073
[ 2026-01-21 21:47:56,074 ] 1025 httpx - INFO - HTTP Request: GET https://dagshub.com/api/v1/repos/sagorsaha31073/networksecurity "HTTP/1.1 200 OK"
[ 2026-01-21 21:47:56,606 ] 1025 httpx - INFO - HTTP Request: GET https://dagshub.com/api/v1/user "HTTP/1.1 200 OK"
[ 2026-01-21 21:47:56,610 ] 107 dagshub - INFO - Initialized MLflow to track repo "sagorsaha31073/networksecurity"
[ 2026-01-21 21:47:56,611 ] 107 dagshub - INFO - Repository sagorsaha31073/networksecurity initialized!
[ 2026-01-21 21:47:56,611 ] 20 root - INFO - Initiate the data ingestion
[ 2026-01-21 21:47:57,863 ] 65 root - INFO - Performed train test split on the dataframe
[ 2026-01-21 21:47:57,863 ] 67 root - INFO - Exited split_data_as_train_test method of Data_Ingestion class
[ 2026-01-21 21:47:57,863 ] 75 root - INFO - Exporting train and test file path.
[ 2026-01-21 21:47:57,894 ] 84 root - INFO - Exported train and test file path.
[ 2026-01-21 21:47:57,894 ] 22 root - INFO - Data Initiation Completed
[ 2026-01-21 21:47:57,899 ] 26 root - INFO - Initiate the data Validation
[ 2026-01-21 21:47:57,909 ] 32 root - INFO - Required number of columns:2
[ 2026-01-21 21:47:57,909 ] 33 root - INFO - Data frame has columns:31
[ 2026-01-21 21:47:57,909 ] 32 root - INFO - Required number of columns:2
[ 2026-01-21 21:47:57,909 ] 33 root - INFO - Data frame has columns:31
[ 2026-01-21 21:47:57,996 ] 28 root - INFO - data Validation Completed
[ 2026-01-21 21:47:57,996 ] 31 root - INFO - data Transformation started
[ 2026-01-21 21:47:57,996 ] 63 root - INFO - Entered initiate_data_transformation method of DataTransformation class
[ 2026-01-21 21:47:57,996 ] 65 root - INFO - Starting data transformation
[ 2026-01-21 21:47:58,006 ] 48 root - INFO - Entered get_data_trnasformer_object method of Trnasformation class
[ 2026-01-21 21:47:58,007 ] 53 root - INFO - Initialise KNNImputer with {'missing_values': nan, 'n_neighbors': 3, 'weights': 'uniform'}
[ 2026-01-21 21:47:58,012 ] 46 root - INFO - Entered the save_object method of MainUtils class
[ 2026-01-21 21:47:58,017 ] 50 root - INFO - Exited the save_object method of MainUtils class
[ 2026-01-21 21:47:58,017 ] 46 root - INFO - Entered the save_object method of MainUtils class
[ 2026-01-21 21:47:58,021 ] 50 root - INFO - Exited the save_object method of MainUtils class
[ 2026-01-21 21:47:58,021 ] 35 root - INFO - data Transformation completed
[ 2026-01-21 21:47:58,021 ] 37 root - INFO - Model Training sstared
[ 2026-01-21 21:51:14,973 ] 46 root - INFO - Entered the save_object method of MainUtils class
[ 2026-01-21 21:51:14,977 ] 50 root - INFO - Exited the save_object method of MainUtils class
[ 2026-01-21 21:51:14,977 ] 46 root - INFO - Entered the save_object method of MainUtils class
[ 2026-01-21 21:51:15,009 ] 50 root - INFO - Exited the save_object method of MainUtils class
[ 2026-01-21 21:51:15,009 ] 151 root - INFO - Model trainer artifact: ModelTrainerArtifact(trained_model_file_path='Artifacts/01_21_2026_21_47_53/model_trainer/trained_model/model.pkl', train_metric_artifact=ClassificationMetricArtifact(f1_score=0.9907866761162296, precision_score=0.9872881355932204, recall_score=0.9943100995732574), test_metric_artifact=ClassificationMetricArtifact(f1_score=0.9749596122778675, precision_score=0.9733870967741935, recall_score=0.9765372168284789))
[ 2026-01-21 21:51:15,020 ] 42 root - INFO - Model Training artifact created
